<?xml version="1.0" encoding="UTF-8"?>
<testng-results ignored="0" total="2" passed="0" failed="2" skipped="0">
  <reporter-output>
  </reporter-output>
  <suite started-at="2026-06-02T07:16:30 EEST" name="Exercise 4 Selenium Suite" finished-at="2026-06-02T07:16:33 EEST" duration-ms="3239">
    <groups>
      <group name="smoke">
        <method signature="LoginTests.login_shouldBehaveCorrectlyBasedOnCredentials(java.lang.String,java.lang.String,boolean,java.lang.String)[pri:0, instance:app.LoginTests@5bfc257]" name="login_shouldBehaveCorrectlyBasedOnCredentials" class="app.LoginTests"/>
      </group> <!-- smoke -->
      <group name="login">
        <method signature="LoginTests.login_shouldBehaveCorrectlyBasedOnCredentials(java.lang.String,java.lang.String,boolean,java.lang.String)[pri:0, instance:app.LoginTests@5bfc257]" name="login_shouldBehaveCorrectlyBasedOnCredentials" class="app.LoginTests"/>
      </group> <!-- login -->
    </groups>
    <test started-at="2026-06-02T07:16:30 EEST" name="Login Tests" finished-at="2026-06-02T07:16:33 EEST" duration-ms="3239">
      <class name="app.LoginTests">
        <test-method is-config="true" signature="setUp()[pri:0, instance:app.LoginTests@5bfc257]" started-at="2026-06-02T07:16:30 EEST" name="setUp" finished-at="2026-06-02T07:16:31 EEST" duration-ms="782" status="PASS">
          <reporter-output>
          </reporter-output>
        </test-method> <!-- setUp -->
        <test-method signature="login_shouldBehaveCorrectlyBasedOnCredentials(java.lang.String,java.lang.String,boolean,java.lang.String)[pri:0, instance:app.LoginTests@5bfc257]" started-at="2026-06-02T07:16:31 EEST" name="login_shouldBehaveCorrectlyBasedOnCredentials" data-provider="loginData" finished-at="2026-06-02T07:16:32 EEST" duration-ms="790" status="FAIL">
          <params>
            <param index="0">
              <value>
                <![CDATA[qa-admin@example.com]]>
              </value>
            </param>
            <param index="1">
              <value>
                <![CDATA[SuperSecret123!]]>
              </value>
            </param>
            <param index="2">
              <value>
                <![CDATA[true]]>
              </value>
            </param>
            <param index="3">
              <value>
                <![CDATA[Valid admin credentials should open dashboard and show user greeting]]>
              </value>
            </param>
          </params>
          <exception class="org.openqa.selenium.WebDriverException">
            <message>
              <![CDATA[unknown error: net::ERR_NAME_NOT_RESOLVED
  (Session info: chrome=147.0.7727.55)
Build info: version: '4.21.0', revision: '79ed462ef4'
System info: os.name: 'Linux', os.arch: 'amd64', os.version: '6.6.87.1-microsoft-standard-WSL2', java.version: '21.0.10'
Driver info: org.openqa.selenium.chrome.ChromeDriver
Command: [d8505d2a27321f99a3be05e5e855ce3a, get {url=https://admin.example.com/login}]
Capabilities {acceptInsecureCerts: false, browserName: chrome, browserVersion: 147.0.7727.55, chrome: {chromedriverVersion: 147.0.7727.117 (474cc805edd..., userDataDir: /tmp/org.chromium.Chromium....}, fedcm:accounts: true, goog:chromeOptions: {debuggerAddress: localhost:45911}, goog:processID: 32062, networkConnectionEnabled: false, pageLoadStrategy: normal, platformName: linux, proxy: Proxy(), se:cdp: ws://localhost:45911/devtoo..., se:cdpVersion: 147.0.7727.55, setWindowRect: true, strictFileInteractability: false, timeouts: {implicit: 0, pageLoad: 300000, script: 30000}, unhandledPromptBehavior: dismiss and notify, webauthn:extension:credBlob: true, webauthn:extension:largeBlob: true, webauthn:extension:minPinLength: true, webauthn:extension:prf: true, webauthn:virtualAuthenticators: true}
Session ID: d8505d2a27321f99a3be05e5e855ce3a]]>
            </message>
            <full-stacktrace>
              <![CDATA[org.openqa.selenium.WebDriverException: unknown error: net::ERR_NAME_NOT_RESOLVED
  (Session info: chrome=147.0.7727.55)
Build info: version: '4.21.0', revision: '79ed462ef4'
System info: os.name: 'Linux', os.arch: 'amd64', os.version: '6.6.87.1-microsoft-standard-WSL2', java.version: '21.0.10'
Driver info: org.openqa.selenium.chrome.ChromeDriver
Command: [d8505d2a27321f99a3be05e5e855ce3a, get {url=https://admin.example.com/login}]
Capabilities {acceptInsecureCerts: false, browserName: chrome, browserVersion: 147.0.7727.55, chrome: {chromedriverVersion: 147.0.7727.117 (474cc805edd..., userDataDir: /tmp/org.chromium.Chromium....}, fedcm:accounts: true, goog:chromeOptions: {debuggerAddress: localhost:45911}, goog:processID: 32062, networkConnectionEnabled: false, pageLoadStrategy: normal, platformName: linux, proxy: Proxy(), se:cdp: ws://localhost:45911/devtoo..., se:cdpVersion: 147.0.7727.55, setWindowRect: true, strictFileInteractability: false, timeouts: {implicit: 0, pageLoad: 300000, script: 30000}, unhandledPromptBehavior: dismiss and notify, webauthn:extension:credBlob: true, webauthn:extension:largeBlob: true, webauthn:extension:minPinLength: true, webauthn:extension:prf: true, webauthn:virtualAuthenticators: true}
Session ID: d8505d2a27321f99a3be05e5e855ce3a
at java.base/jdk.internal.reflect.DirectConstructorHandleAccessor.newInstance(DirectConstructorHandleAccessor.java:62)
at java.base/java.lang.reflect.Constructor.newInstanceWithCaller(Constructor.java:502)
at java.base/java.lang.reflect.Constructor.newInstance(Constructor.java:486)
at org.openqa.selenium.remote.ErrorCodec.decode(ErrorCodec.java:167)
at org.openqa.selenium.remote.codec.w3c.W3CHttpResponseCodec.decode(W3CHttpResponseCodec.java:138)
at org.openqa.selenium.remote.codec.w3c.W3CHttpResponseCodec.decode(W3CHttpResponseCodec.java:50)
at org.openqa.selenium.remote.HttpCommandExecutor.execute(HttpCommandExecutor.java:190)
at org.openqa.selenium.remote.service.DriverCommandExecutor.invokeExecute(DriverCommandExecutor.java:216)
at org.openqa.selenium.remote.service.DriverCommandExecutor.execute(DriverCommandExecutor.java:174)
at org.openqa.selenium.remote.RemoteWebDriver.execute(RemoteWebDriver.java:518)
at org.openqa.selenium.remote.RemoteWebDriver.get(RemoteWebDriver.java:300)
at app.pages.LoginPage.open(LoginPage.java:34)
at app.LoginTests.login_shouldBehaveCorrectlyBasedOnCredentials(LoginTests.java:125)
at java.base/jdk.internal.reflect.DirectMethodHandleAccessor.invoke(DirectMethodHandleAccessor.java:103)
at java.base/java.lang.reflect.Method.invoke(Method.java:580)
at org.testng.internal.invokers.MethodInvocationHelper.invokeMethod(MethodInvocationHelper.java:141)
at org.testng.internal.invokers.TestInvoker.invokeMethod(TestInvoker.java:697)
at org.testng.internal.invokers.TestInvoker.invokeTestMethod(TestInvoker.java:230)
at org.testng.internal.invokers.MethodRunner.runInSequence(MethodRunner.java:63)
at org.testng.internal.invokers.TestInvoker$MethodInvocationAgent.invoke(TestInvoker.java:1005)
at org.testng.internal.invokers.TestInvoker.invokeTestMethods(TestInvoker.java:203)
at org.testng.internal.invokers.TestMethodWorker.invokeTestMethods(TestMethodWorker.java:154)
at org.testng.internal.invokers.TestMethodWorker.run(TestMethodWorker.java:134)
at java.base/java.util.ArrayList.forEach(ArrayList.java:1596)
at org.testng.TestRunner.privateRun(TestRunner.java:744)
at org.testng.TestRunner.run(TestRunner.java:616)
at org.testng.SuiteRunner.runTest(SuiteRunner.java:421)
at org.testng.SuiteRunner.runSequentially(SuiteRunner.java:413)
at org.testng.SuiteRunner.privateRun(SuiteRunner.java:373)
at org.testng.SuiteRunner.run(SuiteRunner.java:312)
at org.testng.SuiteRunnerWorker.runSuite(SuiteRunnerWorker.java:52)
at org.testng.SuiteRunnerWorker.run(SuiteRunnerWorker.java:95)
at org.testng.TestNG.runSuitesSequentially(TestNG.java:1274)
at org.testng.TestNG.runSuitesLocally(TestNG.java:1208)
at org.testng.TestNG.runSuites(TestNG.java:1112)
at org.testng.TestNG.run(TestNG.java:1079)
at org.apache.maven.surefire.testng.TestNGExecutor.run(TestNGExecutor.java:308)
at org.apache.maven.surefire.testng.TestNGXmlTestSuite.execute(TestNGXmlTestSuite.java:71)
at org.apache.maven.surefire.testng.TestNGProvider.invoke(TestNGProvider.java:113)
at org.apache.maven.surefire.booter.ForkedBooter.runSuitesInProcess(ForkedBooter.java:385)
at org.apache.maven.surefire.booter.ForkedBooter.execute(ForkedBooter.java:162)
at org.apache.maven.surefire.booter.ForkedBooter.run(ForkedBooter.java:507)
at org.apache.maven.surefire.booter.ForkedBooter.main(ForkedBooter.java:495)
]]>
            </full-stacktrace>
          </exception> <!-- org.openqa.selenium.WebDriverException -->
          <reporter-output>
          </reporter-output>
        </test-method> <!-- login_shouldBehaveCorrectlyBasedOnCredentials -->
        <test-method is-config="true" signature="tearDown(org.testng.ITestResult)[pri:0, instance:app.LoginTests@5bfc257]" started-at="2026-06-02T07:16:32 EEST" name="tearDown" finished-at="2026-06-02T07:16:32 EEST" duration-ms="149" status="PASS">
          <params>
            <param index="0">
              <value>
                <![CDATA[[TestResult name=login_shouldBehaveCorrectlyBasedOnCredentials status=FAILURE method=LoginTests.login_shouldBehaveCorrectlyBasedOnCredentials(java.lang.String,java.lang.String,boolean,java.lang.String)[pri:0, instance:app.LoginTests@5bfc257] output={null}]]]>
              </value>
            </param>
          </params>
          <reporter-output>
          </reporter-output>
        </test-method> <!-- tearDown -->
        <test-method is-config="true" signature="setUp()[pri:0, instance:app.LoginTests@5bfc257]" started-at="2026-06-02T07:16:32 EEST" name="setUp" finished-at="2026-06-02T07:16:32 EEST" duration-ms="424" status="PASS">
          <reporter-output>
          </reporter-output>
        </test-method> <!-- setUp -->
        <test-method signature="login_shouldBehaveCorrectlyBasedOnCredentials(java.lang.String,java.lang.String,boolean,java.lang.String)[pri:0, instance:app.LoginTests@5bfc257]" started-at="2026-06-02T07:16:32 EEST" name="login_shouldBehaveCorrectlyBasedOnCredentials" data-provider="loginData" finished-at="2026-06-02T07:16:33 EEST" duration-ms="826" status="FAIL">
          <params>
            <param index="0">
              <value>
                <![CDATA[baaaaad-user@example.com]]>
              </value>
            </param>
            <param index="1">
              <value>
                <![CDATA[baaaaad-password]]>
              </value>
            </param>
            <param index="2">
              <value>
                <![CDATA[false]]>
              </value>
            </param>
            <param index="3">
              <value>
                <![CDATA[Invalid credentials should stay on login page and show an error]]>
              </value>
            </param>
          </params>
          <exception class="org.openqa.selenium.WebDriverException">
            <message>
              <![CDATA[unknown error: net::ERR_NAME_NOT_RESOLVED
  (Session info: chrome=147.0.7727.55)
Build info: version: '4.21.0', revision: '79ed462ef4'
System info: os.name: 'Linux', os.arch: 'amd64', os.version: '6.6.87.1-microsoft-standard-WSL2', java.version: '21.0.10'
Driver info: org.openqa.selenium.chrome.ChromeDriver
Command: [4dc36a9da27fe377c6f89d3f7a66f69d, get {url=https://admin.example.com/login}]
Capabilities {acceptInsecureCerts: false, browserName: chrome, browserVersion: 147.0.7727.55, chrome: {chromedriverVersion: 147.0.7727.117 (474cc805edd..., userDataDir: /tmp/org.chromium.Chromium....}, fedcm:accounts: true, goog:chromeOptions: {debuggerAddress: localhost:44847}, goog:processID: 32274, networkConnectionEnabled: false, pageLoadStrategy: normal, platformName: linux, proxy: Proxy(), se:cdp: ws://localhost:44847/devtoo..., se:cdpVersion: 147.0.7727.55, setWindowRect: true, strictFileInteractability: false, timeouts: {implicit: 0, pageLoad: 300000, script: 30000}, unhandledPromptBehavior: dismiss and notify, webauthn:extension:credBlob: true, webauthn:extension:largeBlob: true, webauthn:extension:minPinLength: true, webauthn:extension:prf: true, webauthn:virtualAuthenticators: true}
Session ID: 4dc36a9da27fe377c6f89d3f7a66f69d]]>
            </message>
            <full-stacktrace>
              <![CDATA[org.openqa.selenium.WebDriverException: unknown error: net::ERR_NAME_NOT_RESOLVED
  (Session info: chrome=147.0.7727.55)
Build info: version: '4.21.0', revision: '79ed462ef4'
System info: os.name: 'Linux', os.arch: 'amd64', os.version: '6.6.87.1-microsoft-standard-WSL2', java.version: '21.0.10'
Driver info: org.openqa.selenium.chrome.ChromeDriver
Command: [4dc36a9da27fe377c6f89d3f7a66f69d, get {url=https://admin.example.com/login}]
Capabilities {acceptInsecureCerts: false, browserName: chrome, browserVersion: 147.0.7727.55, chrome: {chromedriverVersion: 147.0.7727.117 (474cc805edd..., userDataDir: /tmp/org.chromium.Chromium....}, fedcm:accounts: true, goog:chromeOptions: {debuggerAddress: localhost:44847}, goog:processID: 32274, networkConnectionEnabled: false, pageLoadStrategy: normal, platformName: linux, proxy: Proxy(), se:cdp: ws://localhost:44847/devtoo..., se:cdpVersion: 147.0.7727.55, setWindowRect: true, strictFileInteractability: false, timeouts: {implicit: 0, pageLoad: 300000, script: 30000}, unhandledPromptBehavior: dismiss and notify, webauthn:extension:credBlob: true, webauthn:extension:largeBlob: true, webauthn:extension:minPinLength: true, webauthn:extension:prf: true, webauthn:virtualAuthenticators: true}
Session ID: 4dc36a9da27fe377c6f89d3f7a66f69d
at java.base/jdk.internal.reflect.DirectConstructorHandleAccessor.newInstance(DirectConstructorHandleAccessor.java:62)
at java.base/java.lang.reflect.Constructor.newInstanceWithCaller(Constructor.java:502)
at java.base/java.lang.reflect.Constructor.newInstance(Constructor.java:486)
at org.openqa.selenium.remote.ErrorCodec.decode(ErrorCodec.java:167)
at org.openqa.selenium.remote.codec.w3c.W3CHttpResponseCodec.decode(W3CHttpResponseCodec.java:138)
at org.openqa.selenium.remote.codec.w3c.W3CHttpResponseCodec.decode(W3CHttpResponseCodec.java:50)
at org.openqa.selenium.remote.HttpCommandExecutor.execute(HttpCommandExecutor.java:190)
at org.openqa.selenium.remote.service.DriverCommandExecutor.invokeExecute(DriverCommandExecutor.java:216)
at org.openqa.selenium.remote.service.DriverCommandExecutor.execute(DriverCommandExecutor.java:174)
at org.openqa.selenium.remote.RemoteWebDriver.execute(RemoteWebDriver.java:518)
at org.openqa.selenium.remote.RemoteWebDriver.get(RemoteWebDriver.java:300)
at app.pages.LoginPage.open(LoginPage.java:34)
at app.LoginTests.login_shouldBehaveCorrectlyBasedOnCredentials(LoginTests.java:125)
at java.base/jdk.internal.reflect.DirectMethodHandleAccessor.invoke(DirectMethodHandleAccessor.java:103)
at java.base/java.lang.reflect.Method.invoke(Method.java:580)
at org.testng.internal.invokers.MethodInvocationHelper.invokeMethod(MethodInvocationHelper.java:141)
at org.testng.internal.invokers.TestInvoker.invokeMethod(TestInvoker.java:697)
at org.testng.internal.invokers.TestInvoker.invokeTestMethod(TestInvoker.java:230)
at org.testng.internal.invokers.MethodRunner.runInSequence(MethodRunner.java:63)
at org.testng.internal.invokers.TestInvoker$MethodInvocationAgent.invoke(TestInvoker.java:1005)
at org.testng.internal.invokers.TestInvoker.invokeTestMethods(TestInvoker.java:203)
at org.testng.internal.invokers.TestMethodWorker.invokeTestMethods(TestMethodWorker.java:154)
at org.testng.internal.invokers.TestMethodWorker.run(TestMethodWorker.java:134)
at java.base/java.util.ArrayList.forEach(ArrayList.java:1596)
at org.testng.TestRunner.privateRun(TestRunner.java:744)
at org.testng.TestRunner.run(TestRunner.java:616)
at org.testng.SuiteRunner.runTest(SuiteRunner.java:421)
at org.testng.SuiteRunner.runSequentially(SuiteRunner.java:413)
at org.testng.SuiteRunner.privateRun(SuiteRunner.java:373)
at org.testng.SuiteRunner.run(SuiteRunner.java:312)
at org.testng.SuiteRunnerWorker.runSuite(SuiteRunnerWorker.java:52)
at org.testng.SuiteRunnerWorker.run(SuiteRunnerWorker.java:95)
at org.testng.TestNG.runSuitesSequentially(TestNG.java:1274)
at org.testng.TestNG.runSuitesLocally(TestNG.java:1208)
at org.testng.TestNG.runSuites(TestNG.java:1112)
at org.testng.TestNG.run(TestNG.java:1079)
at org.apache.maven.surefire.testng.TestNGExecutor.run(TestNGExecutor.java:308)
at org.apache.maven.surefire.testng.TestNGXmlTestSuite.execute(TestNGXmlTestSuite.java:71)
at org.apache.maven.surefire.testng.TestNGProvider.invoke(TestNGProvider.java:113)
at org.apache.maven.surefire.booter.ForkedBooter.runSuitesInProcess(ForkedBooter.java:385)
at org.apache.maven.surefire.booter.ForkedBooter.execute(ForkedBooter.java:162)
at org.apache.maven.surefire.booter.ForkedBooter.run(ForkedBooter.java:507)
at org.apache.maven.surefire.booter.ForkedBooter.main(ForkedBooter.java:495)
]]>
            </full-stacktrace>
          </exception> <!-- org.openqa.selenium.WebDriverException -->
          <reporter-output>
          </reporter-output>
        </test-method> <!-- login_shouldBehaveCorrectlyBasedOnCredentials -->
        <test-method is-config="true" signature="tearDown(org.testng.ITestResult)[pri:0, instance:app.LoginTests@5bfc257]" started-at="2026-06-02T07:16:33 EEST" name="tearDown" finished-at="2026-06-02T07:16:33 EEST" duration-ms="138" status="PASS">
          <params>
            <param index="0">
              <value>
                <![CDATA[[TestResult name=login_shouldBehaveCorrectlyBasedOnCredentials status=FAILURE method=LoginTests.login_shouldBehaveCorrectlyBasedOnCredentials(java.lang.String,java.lang.String,boolean,java.lang.String)[pri:0, instance:app.LoginTests@5bfc257] output={null}]]]>
              </value>
            </param>
          </params>
          <reporter-output>
          </reporter-output>
        </test-method> <!-- tearDown -->
      </class> <!-- app.LoginTests -->
    </test> <!-- Login Tests -->
  </suite> <!-- Exercise 4 Selenium Suite -->
</testng-results>
